<?xml version="1.0" encoding="UTF-8"?>
<Site BuildName="Win32-mingw32-make"
	BuildStamp="20250721-1846-Experimental"
	Name="JenComputer"
	Generator="ctest-4.0.2"
	CompilerName="C:/msys64/mingw64/bin/g++.exe"
	CompilerVersion="14.2.0"
	OSName="Windows"
	Hostname="JenComputer"
	OSRelease=" Professional"
	OSVersion=" (Build 26100)"
	OSPlatform="AMD64"
	Is64Bits="1"
	VendorString="AuthenticAMD"
	VendorID="Advanced Micro Devices"
	FamilyID="15"
	ModelID="4"
	ModelName="AMD Ryzen 5 PRO 6650U with Radeon Graphics     "
	ProcessorCacheSize="64"
	NumberOfLogicalCPU="12"
	NumberOfPhysicalCPU="6"
	TotalVirtualMemory="38676"
	TotalPhysicalMemory="15124"
	LogicalProcessorsPerPhysical="2"
	ProcessorClockFrequency="2894"
	>
	<Testing>
		<StartDateTime>Jul 21 14:48 Eastern Daylight Time</StartDateTime>
		<StartTestTime>1753123689</StartTestTime>
		<TestList/>
		<EndDateTime>Jul 21 14:48 Eastern Daylight Time</EndDateTime>
		<EndTestTime>1753123689</EndTestTime>
		<ElapsedMinutes>0</ElapsedMinutes>
	</Testing>
</Site>
